%!Adobe-FontList 1.17
%Locale:0x409

%BeginFont
Handler:DirectoryHandler
FontType:Type1
FontName:BenthamRegular
FamilyName:Bentham
StyleName:Regular
MenuName:Bentham
StyleBits:0
WeightClass:400
WidthClass:5
AngleClass:0
FullName:Bentham
WritingScript:Roman
OutlineFileName:\Bentham.otf
DataFormat:sfntData
UsesStandardEncoding:yes
isCFF:yes
FileLength:52128
FileModTime:1469524814
NameArray:0,Mac,4,Bentham
NameArray:0,Win,1,Bentham
%EndFont

%BeginFont
Handler:DirectoryHandler
FontType:TrueType
FontName:Cinzel-Black
FamilyName:Cinzel
StyleName:Black
MenuName:Cinzel Black
StyleBits:2
WeightClass:900
WidthClass:5
AngleClass:0
FullName:Cinzel-Black
WritingScript:Roman
OutlineFileName:\Cinzel-Black.ttf
DataFormat:sfntData
FileLength:58616
FileModTime:1451966902
NameArray:0,Mac,4,Cinzel-Black
NameArray:0,Win,1,Cinzel Black
NameArray:0,Win,16,Cinzel
%EndFont

%BeginFont
Handler:DirectoryHandler
FontType:TrueType
FontName:Cinzel-Bold
FamilyName:Cinzel
StyleName:Bold
MenuName:Cinzel
StyleBits:2
WeightClass:700
WidthClass:5
AngleClass:0
FullName:Cinzel-Bold
WritingScript:Roman
OutlineFileName:\Cinzel-Bold.ttf
DataFormat:sfntData
FileLength:57740
FileModTime:1451966902
NameArray:0,Mac,4,Cinzel-Bold
NameArray:0,Win,1,Cinzel
NameArray:0,Win,16,Cinzel
%EndFont

%BeginFont
Handler:DirectoryHandler
FontType:TrueType
FontName:Cinzel-Regular
FamilyName:Cinzel
StyleName:Regular
MenuName:Cinzel
StyleBits:0
WeightClass:400
WidthClass:5
AngleClass:0
FullName:Cinzel-Regular
WritingScript:Roman
OutlineFileName:\Cinzel-Regular.ttf
DataFormat:sfntData
FileLength:56228
FileModTime:1451966902
NameArray:0,Mac,18,Cinzel Regular
NameArray:0,Mac,4,Cinzel-Regular
NameArray:0,Win,1,Cinzel
%EndFont

%BeginFont
Handler:DirectoryHandler
FontType:Type1
FontName:MinionPro-Regular
FamilyName:Minion Pro
StyleName:Regular
MenuName:Minion Pro
StyleBits:0
WeightClass:400
WidthClass:5
AngleClass:0
FullName:Minion Pro
WritingScript:Roman
OutlineFileName:\MinionPro-Regular.otf
DataFormat:sfntData
UsesStandardEncoding:yes
isCFF:yes
FileLength:231312
FileModTime:1329909174
DesignSize:110
NameArray:0,Mac,4,Minion Pro
NameArray:0,Win,1,Minion Pro
%EndFont

%BeginFont
Handler:DirectoryHandler
FontType:TrueType
FontName:MrsEavesFractions
FamilyName:MrsEavesFractions
StyleName:Roman
MenuName:MrsEavesFractions
StyleBits:0
WeightClass:400
WidthClass:5
AngleClass:0
FullName:MrsEavesFractions
WritingScript:Roman
OutlineFileName:\MRSEAV~2.TTF
DataFormat:sfntData
FileLength:43592
FileModTime:930095460
NameArray:0,Mac,4,MrsEavesFractions
NameArray:0,Win,1,MrsEavesFractions
%EndFont

%BeginFont
Handler:DirectoryHandler
FontType:TrueType
FontName:Roboto-Black
FamilyName:Roboto
StyleName:Black
MenuName:Roboto Black
StyleBits:0
WeightClass:900
WidthClass:5
AngleClass:0
FullName:Roboto Black
WritingScript:Roman
OutlineFileName:\Roboto-Black.ttf
DataFormat:sfntData
FileLength:142472
FileModTime:1414560220
NameArray:0,Mac,18,Roboto Black
NameArray:0,Mac,4,Roboto Black
NameArray:0,Win,1,Roboto Black
NameArray:0,Win,16,Roboto
%EndFont

