INFO:  latexindent.pl version 3.23.4, 2023-11-19, a script to indent .tex files
       latexindent.pl lives here: C:/Users/jeudy/AppData/Local/Programs/MiKTeX/scripts/latexindent/
       Mon Dec 25 13:48:25 2023
       Filename: c:\Users\jeudy\Documents\myProjects\academiaX\2Clase Maestra de CSS\clase_maestra_de_css\02 Primeros Pasos\01queEsCssYPorQueDebesAprenderlo\01queEsCssYPorQueDebesAprenderlo.tex
INFO:  Processing switches:
INFO:  Directory for backup files and indent.log:
       c:\Users\jeudy\Documents\myProjects\academiaX\2Clase Maestra de CSS\clase_maestra_de_css\02 Primeros Pasos\01queEsCssYPorQueDebesAprenderlo
INFO:  Perl modules are being loaded from the following directories:
       C:/Strawberry/perl/lib/FindBin.pm
       C:/Strawberry/perl/vendor/lib/YAML/Tiny.pm
       C:/Strawberry/perl/lib/File/Copy.pm
       C:/Strawberry/perl/lib/File/Basename.pm
       C:/Strawberry/perl/lib/Getopt/Long.pm
       C:/Strawberry/perl/vendor/lib/File/HomeDir.pm
INFO:  LatexIndent perl modules are being loaded from, for example:
       C:/Users/jeudy/AppData/Local/Programs/MiKTeX/scripts/latexindent/LatexIndent/Document.pm
INFO:  YAML settings read: defaultSettings.yaml
       Reading defaultSettings.yaml from C:/Users/jeudy/AppData/Local/Programs/MiKTeX/scripts/latexindent/defaultSettings.yaml
INFO:  YAML reading settings
       Home directory is C:\Users\jeudy
       latexindent.pl didn't find indentconfig.yaml or .indentconfig.yaml
       see all possible locations: https://latexindentpl.readthedocs.io/en/latest/sec-appendices.html#indentconfig-options)
INFO:  Phase 1: searching for objects
INFO:  Phase 2: finding surrounding indentation
INFO:  Phase 3: indenting objects
INFO:  Phase 4: final indentation check
INFO:  Output routine:
       Not outputting to file; see -w and -o switches for more options.
       --------------
INFO:  Please direct all communication/issues to:
        https://github.com/cmhughes/latexindent.pl
